  [1m[36m (13.3ms)[0m  [1mCREATE TABLE "schema_migrations" ("version" varchar NOT NULL) [0m
  [1m[35m (0.1ms)[0m  select sqlite_version(*)
  [1m[36m (9.2ms)[0m  [1mCREATE UNIQUE INDEX "unique_schema_migrations" ON "schema_migrations" ("version")[0m
  [1m[35mActiveRecord::SchemaMigration Load (0.1ms)[0m  SELECT "schema_migrations".* FROM "schema_migrations"


Started GET "/" for 127.0.0.1 at 2016-05-15 11:17:22 +0530
Processing by VisitorsController#index as HTML
  Rendered visitors/index.html.erb within layouts/application (5.3ms)
  Rendered layouts/_messages.html.erb (0.9ms)
Completed 200 OK in 1921ms (Views: 1920.3ms | ActiveRecord: 0.0ms)


Started GET "/" for 127.0.0.1 at 2016-05-15 11:27:46 +0530
Processing by VisitorsController#index as HTML
  Rendered visitors/index.html.erb within layouts/application (0.8ms)
  Rendered layouts/_messages.html.erb (0.1ms)
Completed 200 OK in 84ms (Views: 83.8ms | ActiveRecord: 0.0ms)


Started GET "/" for 127.0.0.1 at 2016-05-15 11:29:04 +0530
Processing by VisitorsController#index as HTML
  Rendered visitors/index.html.erb within layouts/application (0.9ms)
  Rendered layouts/_messages.html.erb (0.2ms)
Completed 200 OK in 100ms (Views: 100.0ms | ActiveRecord: 0.0ms)


Started GET "/" for 127.0.0.1 at 2016-05-15 11:32:26 +0530
Processing by VisitorsController#index as HTML
  Rendered visitors/index.html.erb within layouts/application (0.8ms)
  Rendered layouts/_messages.html.erb (0.1ms)
Completed 200 OK in 103ms (Views: 102.8ms | ActiveRecord: 0.0ms)


Started GET "/" for 127.0.0.1 at 2016-05-15 11:42:53 +0530
Processing by VisitorsController#index as HTML
  Rendered visitors/index.html.erb within layouts/application (0.1ms)
  Rendered layouts/_messages.html.erb (0.2ms)
Completed 200 OK in 83ms (Views: 83.0ms | ActiveRecord: 0.0ms)


Started GET "/" for 127.0.0.1 at 2016-05-15 11:44:14 +0530
Processing by VisitorsController#index as HTML
  Rendered visitors/index.html.erb within layouts/application (1.0ms)
  Rendered layouts/_messages.html.erb (0.1ms)
Completed 200 OK in 85ms (Views: 85.0ms | ActiveRecord: 0.0ms)


Started GET "/" for 127.0.0.1 at 2016-05-15 11:45:48 +0530
Processing by VisitorsController#index as HTML
  Rendered visitors/index.html.erb within layouts/application (0.7ms)
  Rendered layouts/_messages.html.erb (0.1ms)
Completed 200 OK in 91ms (Views: 89.3ms | ActiveRecord: 0.0ms)


Started GET "/" for 127.0.0.1 at 2016-05-15 11:46:28 +0530
Processing by VisitorsController#index as HTML
  Rendered visitors/index.html.erb within layouts/application (0.4ms)
  Rendered layouts/_messages.html.erb (0.1ms)
Completed 200 OK in 52ms (Views: 51.4ms | ActiveRecord: 0.0ms)


Started GET "/" for 127.0.0.1 at 2016-05-15 11:49:51 +0530
Processing by VisitorsController#index as HTML
  Rendered visitors/index.html.erb within layouts/application (0.3ms)
  Rendered layouts/_messages.html.erb (0.2ms)
Completed 200 OK in 51ms (Views: 51.2ms | ActiveRecord: 0.0ms)


Started GET "/" for 127.0.0.1 at 2016-05-15 11:50:57 +0530
Processing by VisitorsController#index as HTML
  Rendered visitors/index.html.erb within layouts/application (0.4ms)
  Rendered layouts/_messages.html.erb (0.1ms)
Completed 200 OK in 98ms (Views: 97.9ms | ActiveRecord: 0.0ms)


Started GET "/" for 127.0.0.1 at 2016-05-15 12:02:20 +0530
Processing by VisitorsController#index as HTML
  Rendered visitors/index.html.erb within layouts/application (0.4ms)
  Rendered layouts/_messages.html.erb (0.0ms)
Completed 200 OK in 145ms (Views: 145.3ms | ActiveRecord: 0.0ms)


Started GET "/" for 127.0.0.1 at 2016-05-15 12:02:32 +0530
Processing by VisitorsController#index as HTML
  Rendered visitors/index.html.erb within layouts/application (0.0ms)
  Rendered layouts/_messages.html.erb (0.1ms)
Completed 200 OK in 35ms (Views: 35.0ms | ActiveRecord: 0.0ms)


Started GET "/" for 127.0.0.1 at 2016-05-15 12:05:23 +0530
Processing by VisitorsController#index as HTML
  Rendered visitors/index.html.erb within layouts/application (0.3ms)
  Rendered layouts/_messages.html.erb (0.1ms)
Completed 200 OK in 37ms (Views: 37.2ms | ActiveRecord: 0.0ms)


Started GET "/" for 127.0.0.1 at 2016-05-15 12:07:02 +0530
Processing by VisitorsController#index as HTML
  Rendered visitors/index.html.erb within layouts/application (0.4ms)
  Rendered layouts/_messages.html.erb (0.1ms)
Completed 200 OK in 65ms (Views: 64.6ms | ActiveRecord: 0.0ms)


Started GET "/" for 127.0.0.1 at 2016-05-15 12:08:47 +0530
Processing by VisitorsController#index as HTML
  Rendered visitors/index.html.erb within layouts/application (0.4ms)
  Rendered layouts/_messages.html.erb (0.1ms)
Completed 200 OK in 67ms (Views: 66.5ms | ActiveRecord: 0.0ms)


Started GET "/" for 127.0.0.1 at 2016-05-15 12:08:51 +0530
Processing by VisitorsController#index as HTML
  Rendered visitors/index.html.erb within layouts/application (0.0ms)
  Rendered layouts/_messages.html.erb (0.1ms)
Completed 200 OK in 52ms (Views: 52.2ms | ActiveRecord: 0.0ms)


Started GET "/" for 127.0.0.1 at 2016-05-15 12:35:58 +0530
Processing by VisitorsController#index as HTML
  Rendered visitors/index.html.erb within layouts/application (0.3ms)
  Rendered layouts/_messages.html.erb (0.1ms)
Completed 200 OK in 40ms (Views: 40.1ms | ActiveRecord: 0.0ms)


Started GET "/" for 127.0.0.1 at 2016-05-15 12:39:13 +0530
Processing by VisitorsController#index as HTML
  Rendered visitors/index.html.erb within layouts/application (0.1ms)
  Rendered layouts/_messages.html.erb (0.1ms)
Completed 200 OK in 115ms (Views: 115.1ms | ActiveRecord: 0.0ms)


Started GET "/" for 127.0.0.1 at 2016-05-15 12:39:51 +0530
Processing by VisitorsController#index as HTML
  Rendered visitors/index.html.erb within layouts/application (0.5ms)
  Rendered layouts/_messages.html.erb (0.2ms)
Completed 200 OK in 44ms (Views: 43.7ms | ActiveRecord: 0.0ms)

ActionController::RoutingError (No route matches [GET] "/assets/images/background1.jpg"):
  actionpack (4.2.6) lib/action_dispatch/middleware/debug_exceptions.rb:21:in `call'
  web-console (2.3.0) lib/web_console/middleware.rb:28:in `block in call'
  web-console (2.3.0) lib/web_console/middleware.rb:18:in `catch'
  web-console (2.3.0) lib/web_console/middleware.rb:18:in `call'
  actionpack (4.2.6) lib/action_dispatch/middleware/show_exceptions.rb:30:in `call'
  railties (4.2.6) lib/rails/rack/logger.rb:38:in `call_app'
  railties (4.2.6) lib/rails/rack/logger.rb:20:in `block in call'
  activesupport (4.2.6) lib/active_support/tagged_logging.rb:68:in `block in tagged'
  activesupport (4.2.6) lib/active_support/tagged_logging.rb:26:in `tagged'
  activesupport (4.2.6) lib/active_support/tagged_logging.rb:68:in `tagged'
  railties (4.2.6) lib/rails/rack/logger.rb:20:in `call'
  quiet_assets (1.1.0) lib/quiet_assets.rb:27:in `call_with_quiet_assets'
  actionpack (4.2.6) lib/action_dispatch/middleware/request_id.rb:21:in `call'
  rack (1.6.4) lib/rack/methodoverride.rb:22:in `call'
  rack (1.6.4) lib/rack/runtime.rb:18:in `call'
  activesupport (4.2.6) lib/active_support/cache/strategy/local_cache_middleware.rb:28:in `call'
  rack (1.6.4) lib/rack/lock.rb:17:in `call'
  actionpack (4.2.6) lib/action_dispatch/middleware/static.rb:120:in `call'
  rack (1.6.4) lib/rack/sendfile.rb:113:in `call'
  railties (4.2.6) lib/rails/engine.rb:518:in `call'
  railties (4.2.6) lib/rails/application.rb:165:in `call'
  rack (1.6.4) lib/rack/lock.rb:17:in `call'
  rack (1.6.4) lib/rack/content_length.rb:15:in `call'
  rack (1.6.4) lib/rack/handler/webrick.rb:88:in `service'
  /usr/local/lib/ruby/2.3.0/webrick/httpserver.rb:140:in `service'
  /usr/local/lib/ruby/2.3.0/webrick/httpserver.rb:96:in `run'
  /usr/local/lib/ruby/2.3.0/webrick/server.rb:296:in `block in start_thread'



ActionController::RoutingError (No route matches [GET] "/assets/images/background1.jpg"):
  actionpack (4.2.6) lib/action_dispatch/middleware/debug_exceptions.rb:21:in `call'
  web-console (2.3.0) lib/web_console/middleware.rb:28:in `block in call'
  web-console (2.3.0) lib/web_console/middleware.rb:18:in `catch'
  web-console (2.3.0) lib/web_console/middleware.rb:18:in `call'
  actionpack (4.2.6) lib/action_dispatch/middleware/show_exceptions.rb:30:in `call'
  railties (4.2.6) lib/rails/rack/logger.rb:38:in `call_app'
  railties (4.2.6) lib/rails/rack/logger.rb:20:in `block in call'
  activesupport (4.2.6) lib/active_support/tagged_logging.rb:68:in `block in tagged'
  activesupport (4.2.6) lib/active_support/tagged_logging.rb:26:in `tagged'
  activesupport (4.2.6) lib/active_support/tagged_logging.rb:68:in `tagged'
  railties (4.2.6) lib/rails/rack/logger.rb:20:in `call'
  quiet_assets (1.1.0) lib/quiet_assets.rb:27:in `call_with_quiet_assets'
  actionpack (4.2.6) lib/action_dispatch/middleware/request_id.rb:21:in `call'
  rack (1.6.4) lib/rack/methodoverride.rb:22:in `call'
  rack (1.6.4) lib/rack/runtime.rb:18:in `call'
  activesupport (4.2.6) lib/active_support/cache/strategy/local_cache_middleware.rb:28:in `call'
  rack (1.6.4) lib/rack/lock.rb:17:in `call'
  actionpack (4.2.6) lib/action_dispatch/middleware/static.rb:120:in `call'
  rack (1.6.4) lib/rack/sendfile.rb:113:in `call'
  railties (4.2.6) lib/rails/engine.rb:518:in `call'
  railties (4.2.6) lib/rails/application.rb:165:in `call'
  rack (1.6.4) lib/rack/lock.rb:17:in `call'
  rack (1.6.4) lib/rack/content_length.rb:15:in `call'
  rack (1.6.4) lib/rack/handler/webrick.rb:88:in `service'
  /usr/local/lib/ruby/2.3.0/webrick/httpserver.rb:140:in `service'
  /usr/local/lib/ruby/2.3.0/webrick/httpserver.rb:96:in `run'
  /usr/local/lib/ruby/2.3.0/webrick/server.rb:296:in `block in start_thread'




Started GET "/" for 127.0.0.1 at 2016-05-15 12:40:34 +0530
Processing by VisitorsController#index as HTML
  Rendered visitors/index.html.erb within layouts/application (0.1ms)
  Rendered layouts/_messages.html.erb (0.2ms)
Completed 200 OK in 70ms (Views: 70.2ms | ActiveRecord: 0.0ms)

ActionController::RoutingError (No route matches [GET] "/assets/assets/images/background1.jpg"):
  actionpack (4.2.6) lib/action_dispatch/middleware/debug_exceptions.rb:21:in `call'
  web-console (2.3.0) lib/web_console/middleware.rb:28:in `block in call'
  web-console (2.3.0) lib/web_console/middleware.rb:18:in `catch'
  web-console (2.3.0) lib/web_console/middleware.rb:18:in `call'
  actionpack (4.2.6) lib/action_dispatch/middleware/show_exceptions.rb:30:in `call'
  railties (4.2.6) lib/rails/rack/logger.rb:38:in `call_app'
  railties (4.2.6) lib/rails/rack/logger.rb:20:in `block in call'
  activesupport (4.2.6) lib/active_support/tagged_logging.rb:68:in `block in tagged'
  activesupport (4.2.6) lib/active_support/tagged_logging.rb:26:in `tagged'
  activesupport (4.2.6) lib/active_support/tagged_logging.rb:68:in `tagged'
  railties (4.2.6) lib/rails/rack/logger.rb:20:in `call'
  quiet_assets (1.1.0) lib/quiet_assets.rb:27:in `call_with_quiet_assets'
  actionpack (4.2.6) lib/action_dispatch/middleware/request_id.rb:21:in `call'
  rack (1.6.4) lib/rack/methodoverride.rb:22:in `call'
  rack (1.6.4) lib/rack/runtime.rb:18:in `call'
  activesupport (4.2.6) lib/active_support/cache/strategy/local_cache_middleware.rb:28:in `call'
  rack (1.6.4) lib/rack/lock.rb:17:in `call'
  actionpack (4.2.6) lib/action_dispatch/middleware/static.rb:120:in `call'
  rack (1.6.4) lib/rack/sendfile.rb:113:in `call'
  railties (4.2.6) lib/rails/engine.rb:518:in `call'
  railties (4.2.6) lib/rails/application.rb:165:in `call'
  rack (1.6.4) lib/rack/lock.rb:17:in `call'
  rack (1.6.4) lib/rack/content_length.rb:15:in `call'
  rack (1.6.4) lib/rack/handler/webrick.rb:88:in `service'
  /usr/local/lib/ruby/2.3.0/webrick/httpserver.rb:140:in `service'
  /usr/local/lib/ruby/2.3.0/webrick/httpserver.rb:96:in `run'
  /usr/local/lib/ruby/2.3.0/webrick/server.rb:296:in `block in start_thread'




Started GET "/" for 127.0.0.1 at 2016-05-15 12:40:47 +0530
Processing by VisitorsController#index as HTML
  Rendered visitors/index.html.erb within layouts/application (0.0ms)
  Rendered layouts/_messages.html.erb (0.1ms)
Completed 200 OK in 88ms (Views: 88.3ms | ActiveRecord: 0.0ms)

ActionController::RoutingError (No route matches [GET] "/assets/images/background1.jpg"):
  actionpack (4.2.6) lib/action_dispatch/middleware/debug_exceptions.rb:21:in `call'
  web-console (2.3.0) lib/web_console/middleware.rb:28:in `block in call'
  web-console (2.3.0) lib/web_console/middleware.rb:18:in `catch'
  web-console (2.3.0) lib/web_console/middleware.rb:18:in `call'
  actionpack (4.2.6) lib/action_dispatch/middleware/show_exceptions.rb:30:in `call'
  railties (4.2.6) lib/rails/rack/logger.rb:38:in `call_app'
  railties (4.2.6) lib/rails/rack/logger.rb:20:in `block in call'
  activesupport (4.2.6) lib/active_support/tagged_logging.rb:68:in `block in tagged'
  activesupport (4.2.6) lib/active_support/tagged_logging.rb:26:in `tagged'
  activesupport (4.2.6) lib/active_support/tagged_logging.rb:68:in `tagged'
  railties (4.2.6) lib/rails/rack/logger.rb:20:in `call'
  quiet_assets (1.1.0) lib/quiet_assets.rb:27:in `call_with_quiet_assets'
  actionpack (4.2.6) lib/action_dispatch/middleware/request_id.rb:21:in `call'
  rack (1.6.4) lib/rack/methodoverride.rb:22:in `call'
  rack (1.6.4) lib/rack/runtime.rb:18:in `call'
  activesupport (4.2.6) lib/active_support/cache/strategy/local_cache_middleware.rb:28:in `call'
  rack (1.6.4) lib/rack/lock.rb:17:in `call'
  actionpack (4.2.6) lib/action_dispatch/middleware/static.rb:120:in `call'
  rack (1.6.4) lib/rack/sendfile.rb:113:in `call'
  railties (4.2.6) lib/rails/engine.rb:518:in `call'
  railties (4.2.6) lib/rails/application.rb:165:in `call'
  rack (1.6.4) lib/rack/lock.rb:17:in `call'
  rack (1.6.4) lib/rack/content_length.rb:15:in `call'
  rack (1.6.4) lib/rack/handler/webrick.rb:88:in `service'
  /usr/local/lib/ruby/2.3.0/webrick/httpserver.rb:140:in `service'
  /usr/local/lib/ruby/2.3.0/webrick/httpserver.rb:96:in `run'
  /usr/local/lib/ruby/2.3.0/webrick/server.rb:296:in `block in start_thread'


